<?xml version="1.0" encoding="UTF-8"?>
<!-- Generated by org.testng.reporters.JUnitReportReporter -->
<testsuite hostname="Joseph" failures="0" tests="1" name="JosephJoy.E2eAutomation.MainPage" time="0.649" errors="0" timestamp="2021-03-14T22:23:44 GMT" skipped="0">
  <testcase classname="JosephJoy.E2eAutomation.MainPage" name="DivZeroByInt" time="0.649"/>
  <system-out/>
</testsuite> <!-- JosephJoy.E2eAutomation.MainPage -->
